[0.027s] Invoking command in '/home/dgarcu/Documents/URJC-Work/2022-2023/arquitectura-software-2023/practicas/intro_ws/src/avoid-obstacle-stressoverflow/build/avoid_obstacle_cpp': CMAKE_PREFIX_PATH=${CMAKE_PREFIX_PATH}:/home/dgarcu/Documents/URJC-Work/2022-2023/arquitectura-software-2023/practicas/intro_ws/install/joy_teleop:/home/dgarcu/Documents/URJC-Work/2022-2023/arquitectura-software-2023/practicas/intro_ws/install/nav2_simple_commander:/home/dgarcu/Documents/URJC-Work/2022-2023/arquitectura-software-2023/practicas/intro_ws/install/mouse_teleop:/home/dgarcu/Documents/URJC-Work/2022-2023/arquitectura-software-2023/practicas/intro_ws/install/launch_pal:/home/dgarcu/Documents/URJC-Work/2022-2023/arquitectura-software-2023/practicas/intro_ws/install/key_teleop:/opt/ros/humble /usr/bin/cmake --build /home/dgarcu/Documents/URJC-Work/2022-2023/arquitectura-software-2023/practicas/intro_ws/src/avoid-obstacle-stressoverflow/build/avoid_obstacle_cpp -- -j8 -l8
[0.105s] [35m[1mConsolidate compiler generated dependencies of target avoidObstacle[0m
[0.141s] [ 33%] [32mBuilding CXX object CMakeFiles/avoidObstacle.dir/src/avoidObstacle_main.cpp.o[0m
[2.763s] [ 66%] [32m[1mLinking CXX executable avoidObstacle[0m
[3.148s] /usr/bin/ld: CMakeFiles/avoidObstacle.dir/src/avoidObstacle_main.cpp.o: in function `void __gnu_cxx::new_allocator<avoid_obstacle_cpp::LidarLedFeedbackNode>::construct<avoid_obstacle_cpp::LidarLedFeedbackNode>(avoid_obstacle_cpp::LidarLedFeedbackNode*)':
[3.148s] avoidObstacle_main.cpp:(.text._ZN9__gnu_cxx13new_allocatorIN18avoid_obstacle_cpp20LidarLedFeedbackNodeEE9constructIS2_JEEEvPT_DpOT0_[_ZN9__gnu_cxx13new_allocatorIN18avoid_obstacle_cpp20LidarLedFeedbackNodeEE9constructIS2_JEEEvPT_DpOT0_]+0x31): undefined reference to `avoid_obstacle_cpp::LidarLedFeedbackNode::LidarLedFeedbackNode()'
[3.172s] collect2: error: ld returned 1 exit status
[3.174s] gmake[2]: *** [CMakeFiles/avoidObstacle.dir/build.make:215: avoidObstacle] Error 1
[3.174s] gmake[1]: *** [CMakeFiles/Makefile2:137: CMakeFiles/avoidObstacle.dir/all] Error 2
[3.174s] gmake: *** [Makefile:146: all] Error 2
[3.176s] Invoked command in '/home/dgarcu/Documents/URJC-Work/2022-2023/arquitectura-software-2023/practicas/intro_ws/src/avoid-obstacle-stressoverflow/build/avoid_obstacle_cpp' returned '2': CMAKE_PREFIX_PATH=${CMAKE_PREFIX_PATH}:/home/dgarcu/Documents/URJC-Work/2022-2023/arquitectura-software-2023/practicas/intro_ws/install/joy_teleop:/home/dgarcu/Documents/URJC-Work/2022-2023/arquitectura-software-2023/practicas/intro_ws/install/nav2_simple_commander:/home/dgarcu/Documents/URJC-Work/2022-2023/arquitectura-software-2023/practicas/intro_ws/install/mouse_teleop:/home/dgarcu/Documents/URJC-Work/2022-2023/arquitectura-software-2023/practicas/intro_ws/install/launch_pal:/home/dgarcu/Documents/URJC-Work/2022-2023/arquitectura-software-2023/practicas/intro_ws/install/key_teleop:/opt/ros/humble /usr/bin/cmake --build /home/dgarcu/Documents/URJC-Work/2022-2023/arquitectura-software-2023/practicas/intro_ws/src/avoid-obstacle-stressoverflow/build/avoid_obstacle_cpp -- -j8 -l8
