[01m[K/home/dgarcu/Documents/URJC-Work/2022-2023/arquitectura-software-2023/practicas/intro_ws/src/avoid-obstacle-stressoverflow/src/avoid_obstacle_cpp/LidarLedFeedbackNode.cpp:[m[K In constructor â€˜[01m[Klidar_led_feedback_cpp::LidarLedFeedbackNode::LidarLedFeedbackNode()[m[Kâ€™:
[01m[K/home/dgarcu/Documents/URJC-Work/2022-2023/arquitectura-software-2023/practicas/intro_ws/src/avoid-obstacle-stressoverflow/src/avoid_obstacle_cpp/LidarLedFeedbackNode.cpp:32:1:[m[K [01;31m[Kerror: [m[Kexpected identifier before â€˜[01m[K{[m[Kâ€™ token
   32 | [01;31m[K{[m[K
      | [01;31m[K^[m[K
[01m[K/home/dgarcu/Documents/URJC-Work/2022-2023/arquitectura-software-2023/practicas/intro_ws/src/avoid-obstacle-stressoverflow/src/avoid_obstacle_cpp/LidarLedFeedbackNode.cpp:[m[K In member function â€˜[01m[Kvoid lidar_led_feedback_cpp::LidarLedFeedbackNode::control_cycle()[m[Kâ€™:
[01m[K/home/dgarcu/Documents/URJC-Work/2022-2023/arquitectura-software-2023/practicas/intro_ws/src/avoid-obstacle-stressoverflow/src/avoid_obstacle_cpp/LidarLedFeedbackNode.cpp:60:26:[m[K [01;31m[Kerror: [m[Kâ€˜[01m[Kpos[m[Kâ€™ was not declared in this scope; did you mean â€˜[01m[Kpow[m[Kâ€™?
   60 |   if (last_scan_->ranges[[01;31m[Kpos[m[K] < OBSTACLE_DISTANCE) {
      |                          [01;31m[K^~~[m[K
      |                          [32m[Kpow[m[K
gmake[2]: *** [CMakeFiles/avoidObstacle.dir/build.make:90: CMakeFiles/avoidObstacle.dir/src/avoid_obstacle_cpp/LidarLedFeedbackNode.cpp.o] Error 1
gmake[1]: *** [CMakeFiles/Makefile2:137: CMakeFiles/avoidObstacle.dir/all] Error 2
gmake: *** [Makefile:146: all] Error 2
