[35m[1mConsolidate compiler generated dependencies of target avoidObstacle[0m
[ 33%] [32mBuilding CXX object CMakeFiles/avoidObstacle.dir/src/avoidObstacle_main.cpp.o[0m
[01m[K/home/dgarcu/Documents/URJC-Work/2022-2023/arquitectura-software-2023/practicas/intro_ws/src/avoid-obstacle-stressoverflow/src/avoidObstacle_main.cpp:[m[K In function â€˜[01m[Kint main(int, char**)[m[Kâ€™:
[01m[K/home/dgarcu/Documents/URJC-Work/2022-2023/arquitectura-software-2023/practicas/intro_ws/src/avoid-obstacle-stressoverflow/src/avoidObstacle_main.cpp:29:16:[m[K [01;31m[Kerror: [m[Kâ€˜[01m[KavoidObstacle_node[m[Kâ€™ was not declared in this scope; did you mean â€˜[01m[Kavoid_obstacle_cpp[m[Kâ€™?
   29 |   rclcpp::spin([01;31m[KavoidObstacle_node[m[K);
      |                [01;31m[K^~~~~~~~~~~~~~~~~~[m[K
      |                [32m[Kavoid_obstacle_cpp[m[K
gmake[2]: *** [CMakeFiles/avoidObstacle.dir/build.make:90: CMakeFiles/avoidObstacle.dir/src/avoidObstacle_main.cpp.o] Error 1
gmake[1]: *** [CMakeFiles/Makefile2:137: CMakeFiles/avoidObstacle.dir/all] Error 2
gmake: *** [Makefile:146: all] Error 2
