[01m[K/home/arantxa/workspaceNew/src/avoid-obstacle-stressoverflow/src/avoid_obstacle_cpp/AvoidObstacleNode.cpp:[m[K In member function â€˜[01m[Kvoid avoid_obstacle_cpp::AvoidObstacleNode::control_cycle()[m[Kâ€™:
[01m[K/home/arantxa/workspaceNew/src/avoid-obstacle-stressoverflow/src/avoid_obstacle_cpp/AvoidObstacleNode.cpp:121:11:[m[K [01;31m[Kerror: [m[Kâ€˜[01m[Kcheck_any_2_emergency_stop[m[Kâ€™ was not declared in this scope
  121 |       if ([01;31m[Kcheck_any_2_emergency_stop[m[K()) {
      |           [01;31m[K^~~~~~~~~~~~~~~~~~~~~~~~~~[m[K
[01m[K/home/arantxa/workspaceNew/src/avoid-obstacle-stressoverflow/src/avoid_obstacle_cpp/AvoidObstacleNode.cpp:[m[K At global scope:
[01m[K/home/arantxa/workspaceNew/src/avoid-obstacle-stressoverflow/src/avoid_obstacle_cpp/AvoidObstacleNode.cpp:250:1:[m[K [01;31m[Kerror: [m[Kâ€˜[01m[KAvoidObstacleNode[m[Kâ€™ has not been declared
  250 | [01;31m[KAvoidObstacleNode[m[K::check_any_2_emergency_stop()
      | [01;31m[K^~~~~~~~~~~~~~~~~[m[K
[01m[K/home/arantxa/workspaceNew/src/avoid-obstacle-stressoverflow/src/avoid_obstacle_cpp/AvoidObstacleNode.cpp:[m[K In function â€˜[01m[Kbool check_any_2_emergency_stop()[m[Kâ€™:
[01m[K/home/arantxa/workspaceNew/src/avoid-obstacle-stressoverflow/src/avoid_obstacle_cpp/AvoidObstacleNode.cpp:252:10:[m[K [01;31m[Kerror: [m[Kâ€˜[01m[Klast_bumper_event_[m[Kâ€™ was not declared in this scope
  252 |   return [01;31m[Klast_bumper_event_[m[K != nullptr;
      |          [01;31m[K^~~~~~~~~~~~~~~~~~[m[K
gmake[2]: *** [CMakeFiles/avoidObstacle.dir/build.make:76: CMakeFiles/avoidObstacle.dir/src/avoid_obstacle_cpp/AvoidObstacleNode.cpp.o] Error 1
gmake[2]: *** Waiting for unfinished jobs....
gmake[1]: *** [CMakeFiles/Makefile2:137: CMakeFiles/avoidObstacle.dir/all] Error 2
gmake: *** [Makefile:146: all] Error 2
