[0.016s] Invoking command in '/home/arantxa/workspaceNew/src/avoid-obstacle-stressoverflow/build/avoid_obstacle_cpp': CMAKE_PREFIX_PATH=${CMAKE_PREFIX_PATH}:/home/arantxa/workspaceNew/install/joy_teleop:/home/arantxa/workspaceNew/install/nav2_simple_commander:/home/arantxa/workspaceNew/install/mouse_teleop:/home/arantxa/workspaceNew/install/launch_pal:/home/arantxa/workspaceNew/install/key_teleop:/opt/ros/humble /usr/bin/cmake --build /home/arantxa/workspaceNew/src/avoid-obstacle-stressoverflow/build/avoid_obstacle_cpp -- -j20 -l20
[0.061s] [35m[1mConsolidate compiler generated dependencies of target avoidObstacle[0m
[0.081s] [ 50%] [32mBuilding CXX object CMakeFiles/avoidObstacle.dir/src/avoid_obstacle_cpp/AvoidObstacleNode.cpp.o[0m
[0.081s] [ 50%] [32mBuilding CXX object CMakeFiles/avoidObstacle.dir/src/avoidObstacle_main.cpp.o[0m
[1.557s] [01m[K/home/arantxa/workspaceNew/src/avoid-obstacle-stressoverflow/src/avoid_obstacle_cpp/AvoidObstacleNode.cpp:264:1:[m[K [01;31m[Kerror: [m[Kâ€˜[01m[KAvoidObstacleNode[m[Kâ€™ has not been declared
[1.557s]   264 | [01;31m[KAvoidObstacleNode[m[K::check_any_2_emergency_stop()
[1.557s]       | [01;31m[K^~~~~~~~~~~~~~~~~[m[K
[1.561s] [01m[K/home/arantxa/workspaceNew/src/avoid-obstacle-stressoverflow/src/avoid_obstacle_cpp/AvoidObstacleNode.cpp:[m[K In function â€˜[01m[Kbool check_any_2_emergency_stop()[m[Kâ€™:
[1.561s] [01m[K/home/arantxa/workspaceNew/src/avoid-obstacle-stressoverflow/src/avoid_obstacle_cpp/AvoidObstacleNode.cpp:266:10:[m[K [01;31m[Kerror: [m[Kâ€˜[01m[Klast_bumper_event_[m[Kâ€™ was not declared in this scope
[1.561s]   266 |   return [01;31m[Klast_bumper_event_[m[K != nullptr;
[1.561s]       |          [01;31m[K^~~~~~~~~~~~~~~~~~[m[K
[4.491s] gmake[2]: *** [CMakeFiles/avoidObstacle.dir/build.make:76: CMakeFiles/avoidObstacle.dir/src/avoid_obstacle_cpp/AvoidObstacleNode.cpp.o] Error 1
[4.491s] gmake[1]: *** [CMakeFiles/Makefile2:137: CMakeFiles/avoidObstacle.dir/all] Error 2
[4.491s] gmake: *** [Makefile:146: all] Error 2
[4.493s] Invoked command in '/home/arantxa/workspaceNew/src/avoid-obstacle-stressoverflow/build/avoid_obstacle_cpp' returned '2': CMAKE_PREFIX_PATH=${CMAKE_PREFIX_PATH}:/home/arantxa/workspaceNew/install/joy_teleop:/home/arantxa/workspaceNew/install/nav2_simple_commander:/home/arantxa/workspaceNew/install/mouse_teleop:/home/arantxa/workspaceNew/install/launch_pal:/home/arantxa/workspaceNew/install/key_teleop:/opt/ros/humble /usr/bin/cmake --build /home/arantxa/workspaceNew/src/avoid-obstacle-stressoverflow/build/avoid_obstacle_cpp -- -j20 -l20
