[35m[1mConsolidate compiler generated dependencies of target avoidObstacle[0m
[ 50%] [32mBuilding CXX object CMakeFiles/avoidObstacle.dir/src/avoidObstacle_main.cpp.o[0m
[ 50%] [32mBuilding CXX object CMakeFiles/avoidObstacle.dir/src/avoid_obstacle_cpp/AvoidObstacleNode.cpp.o[0m
[01m[K/home/dgarcu/Documents/URJC-Work/2022-2023/arquitectura-software-2023/practicas/intro_ws/src/avoid-obstacle-stressoverflow/src/avoid_obstacle_cpp/AvoidObstacleNode.cpp:[m[K In member function â€˜[01m[Kvoid avoid_obstacle_cpp::AvoidObstacleNode::control_cycle()[m[Kâ€™:
[01m[K/home/dgarcu/Documents/URJC-Work/2022-2023/arquitectura-software-2023/practicas/intro_ws/src/avoid-obstacle-stressoverflow/src/avoid_obstacle_cpp/AvoidObstacleNode.cpp:101:9:[m[K [01;31m[Kerror: [m[Kâ€˜[01m[KRCLCPP_IN[m[Kâ€™ was not declared in this scope; did you mean â€˜[01m[KRCLCPP_INFO[m[Kâ€™?
  101 |         [01;31m[KRCLCPP_IN[m[K((now() - state_ts_ ) > TURNING_TIME)FO(get_logger(), "FORWARD -> STOP");
      |         [01;31m[K^~~~~~~~~[m[K
      |         [32m[KRCLCPP_INFO[m[K
gmake[2]: *** [CMakeFiles/avoidObstacle.dir/build.make:76: CMakeFiles/avoidObstacle.dir/src/avoid_obstacle_cpp/AvoidObstacleNode.cpp.o] Error 1
gmake[1]: *** [CMakeFiles/Makefile2:137: CMakeFiles/avoidObstacle.dir/all] Error 2
gmake: *** [Makefile:146: all] Error 2
